c:\users\administrator\github\personproject-c\081600107\wordcount\wordcount\debug\wordcount.pch
c:\users\administrator\github\personproject-c\081600107\wordcount\wordcount\debug\wordcount.pdb
c:\users\administrator\github\personproject-c\081600107\wordcount\wordcount\debug\wordcount.idb
c:\users\administrator\github\personproject-c\081600107\wordcount\wordcount\debug\stdafx.obj
c:\users\administrator\github\personproject-c\081600107\wordcount\wordcount\debug\core.obj
c:\users\administrator\github\personproject-c\081600107\wordcount\wordcount\debug\wordcount.obj
c:\users\administrator\github\personproject-c\081600107\wordcount\debug\wordcount.lib
c:\users\administrator\github\personproject-c\081600107\wordcount\debug\wordcount.exe
c:\users\administrator\github\personproject-c\081600107\wordcount\debug\wordcount.ilk
c:\users\administrator\github\personproject-c\081600107\wordcount\debug\wordcount.pdb
c:\users\administrator\github\personproject-c\081600107\wordcount\wordcount\debug\vc141.idb
c:\users\administrator\github\personproject-c\081600107\wordcount\wordcount\debug\vc141.pdb
c:\users\administrator\github\personproject-c\081600107\wordcount\wordcount\debug\wordcount.tlog\cl.command.1.tlog
c:\users\administrator\github\personproject-c\081600107\wordcount\wordcount\debug\wordcount.tlog\cl.read.1.tlog
c:\users\administrator\github\personproject-c\081600107\wordcount\wordcount\debug\wordcount.tlog\cl.write.1.tlog
c:\users\administrator\github\personproject-c\081600107\wordcount\wordcount\debug\wordcount.tlog\lib-link.read.1.tlog
c:\users\administrator\github\personproject-c\081600107\wordcount\wordcount\debug\wordcount.tlog\lib-link.write.1.tlog
c:\users\administrator\github\personproject-c\081600107\wordcount\wordcount\debug\wordcount.tlog\lib.command.1.tlog
c:\users\administrator\github\personproject-c\081600107\wordcount\wordcount\debug\wordcount.tlog\link.12100.delete.1.tlog
c:\users\administrator\github\personproject-c\081600107\wordcount\wordcount\debug\wordcount.tlog\link.15308.delete.1.tlog
c:\users\administrator\github\personproject-c\081600107\wordcount\wordcount\debug\wordcount.tlog\link.19288.delete.1.tlog
c:\users\administrator\github\personproject-c\081600107\wordcount\wordcount\debug\wordcount.tlog\link.19356.delete.1.tlog
c:\users\administrator\github\personproject-c\081600107\wordcount\wordcount\debug\wordcount.tlog\link.20088.delete.1.tlog
c:\users\administrator\github\personproject-c\081600107\wordcount\wordcount\debug\wordcount.tlog\link.22436.delete.1.tlog
c:\users\administrator\github\personproject-c\081600107\wordcount\wordcount\debug\wordcount.tlog\link.23028.delete.1.tlog
c:\users\administrator\github\personproject-c\081600107\wordcount\wordcount\debug\wordcount.tlog\link.23896.delete.1.tlog
c:\users\administrator\github\personproject-c\081600107\wordcount\wordcount\debug\wordcount.tlog\link.23924.delete.1.tlog
c:\users\administrator\github\personproject-c\081600107\wordcount\wordcount\debug\wordcount.tlog\link.24084.delete.1.tlog
c:\users\administrator\github\personproject-c\081600107\wordcount\wordcount\debug\wordcount.tlog\link.24404.delete.1.tlog
c:\users\administrator\github\personproject-c\081600107\wordcount\wordcount\debug\wordcount.tlog\link.25180.delete.1.tlog
c:\users\administrator\github\personproject-c\081600107\wordcount\wordcount\debug\wordcount.tlog\link.26348.delete.1.tlog
c:\users\administrator\github\personproject-c\081600107\wordcount\wordcount\debug\wordcount.tlog\link.26536.delete.1.tlog
c:\users\administrator\github\personproject-c\081600107\wordcount\wordcount\debug\wordcount.tlog\link.26664.delete.1.tlog
c:\users\administrator\github\personproject-c\081600107\wordcount\wordcount\debug\wordcount.tlog\link.26980.delete.1.tlog
c:\users\administrator\github\personproject-c\081600107\wordcount\wordcount\debug\wordcount.tlog\link.27808.delete.1.tlog
c:\users\administrator\github\personproject-c\081600107\wordcount\wordcount\debug\wordcount.tlog\link.27832.delete.1.tlog
c:\users\administrator\github\personproject-c\081600107\wordcount\wordcount\debug\wordcount.tlog\link.27928.delete.1.tlog
c:\users\administrator\github\personproject-c\081600107\wordcount\wordcount\debug\wordcount.tlog\link.28256.delete.1.tlog
c:\users\administrator\github\personproject-c\081600107\wordcount\wordcount\debug\wordcount.tlog\link.28516.delete.1.tlog
c:\users\administrator\github\personproject-c\081600107\wordcount\wordcount\debug\wordcount.tlog\link.28528.delete.1.tlog
c:\users\administrator\github\personproject-c\081600107\wordcount\wordcount\debug\wordcount.tlog\link.28636.delete.1.tlog
c:\users\administrator\github\personproject-c\081600107\wordcount\wordcount\debug\wordcount.tlog\link.6168.delete.1.tlog
c:\users\administrator\github\personproject-c\081600107\wordcount\wordcount\debug\wordcount.tlog\link.9304.delete.1.tlog
c:\users\administrator\github\personproject-c\081600107\wordcount\wordcount\debug\wordcount.tlog\link.command.1.tlog
c:\users\administrator\github\personproject-c\081600107\wordcount\wordcount\debug\wordcount.tlog\link.read.1.tlog
c:\users\administrator\github\personproject-c\081600107\wordcount\wordcount\debug\wordcount.tlog\link.write.1.tlog
c:\users\administrator\github\personproject-c\081600107\wordcount\wordcount\debug\wordcount.tlog\wordcount.write.1u.tlog
