[2018-09-11 17:11:53] [info] Start Program:
Path:"D:\WordCount\Debug\WordCount.exe"
Arguments:
Working directory: "D:\WordCount\WordCount\"
Modules: Selected: D:\WordCount\Debug\WordCount.exe Excluded: 
Sources: Selected: D:\WordCount\WordCount Excluded: 
Log Level: Normal
Cover Children: 0
Aggregate by file: 1
Continue after C++ exception: 0
Optimized build support: 0
Export: Binary C:\Users\lgy\AppData\Local\Temp\eoocyagg.4g1 
Input coverage: 
Unified diff: 
Excluded line regular expressions: 

[2018-09-11 17:11:54] [info] Module: D:\WordCount\Debug\WordCount.exe is selected because it matches selected pattern: D:\WordCount\Debug\WordCount.exe
[2018-09-11 17:11:55] [warning] d:\wordcount\wordcount\stdafx.h line 15732480 does not exist, skipped
[2018-09-11 17:11:55] [warning] d:\wordcount\wordcount\wordcount.cpp line 15732480 does not exist, skipped
[2018-09-11 17:11:55] [warning] d:\wordcount\wordcount\stdafx.cpp line 139 does not exist, skipped
[2018-09-11 17:11:55] [warning] d:\wordcount\wordcount\stdafx.cpp line 15732480 does not exist, skipped
[2018-09-11 17:11:55] [warning] d:\wordcount\wordcount\stdafx.cpp line 139 does not exist, skipped
[2018-09-11 17:11:55] [warning] d:\wordcount\wordcount\stdafx.cpp line 139 does not exist, skipped
[2018-09-11 17:11:55] [warning] d:\wordcount\wordcount\stdafx.cpp line 15732480 does not exist, skipped
[2018-09-11 17:11:55] [warning] d:\wordcount\wordcount\stdafx.cpp line 139 does not exist, skipped
[2018-09-11 17:11:55] [warning] d:\wordcount\wordcount\stdafx.cpp line 15732480 does not exist, skipped
[2018-09-11 17:11:55] [warning] d:\wordcount\wordcount\stdafx.cpp line 15732480 does not exist, skipped
[2018-09-11 17:11:55] [warning] d:\wordcount\wordcount\stdafx.cpp line 15732480 does not exist, skipped
[2018-09-11 17:11:55] [warning] d:\wordcount\wordcount\stdafx.cpp line 15732480 does not exist, skipped
[2018-09-11 17:11:55] [warning] d:\wordcount\wordcount\stdafx.cpp line 15732480 does not exist, skipped
[2018-09-11 17:11:55] [warning] d:\wordcount\wordcount\stdafx.cpp line 15732480 does not exist, skipped
[2018-09-11 17:11:55] [warning] d:\wordcount\wordcount\stdafx.cpp line 15732480 does not exist, skipped
[2018-09-11 17:11:55] [info] Module: C:\Windows\SysWOW64\ntdll.dll is skipped because it matches no selected patterns
[2018-09-11 17:11:55] [info] Module: C:\Windows\SysWOW64\kernel32.dll is skipped because it matches no selected patterns
[2018-09-11 17:11:55] [info] Module: C:\Windows\SysWOW64\KernelBase.dll is skipped because it matches no selected patterns
[2018-09-11 17:11:55] [info] Module: C:\Windows\SysWOW64\ucrtbased.dll is skipped because it matches no selected patterns
[2018-09-11 17:11:55] [info] Module: C:\Windows\SysWOW64\vcruntime140d.dll is skipped because it matches no selected patterns
[2018-09-11 17:11:55] [info] Module: C:\Windows\SysWOW64\msvcp140d.dll is skipped because it matches no selected patterns
[2018-09-11 17:12:23] [info] Module: C:\Windows\SysWOW64\kernel.appcore.dll is skipped because it matches no selected patterns
[2018-09-11 17:12:23] [info] Module: C:\Windows\SysWOW64\msvcrt.dll is skipped because it matches no selected patterns
[2018-09-11 17:12:23] [info] Module: C:\Windows\SysWOW64\rpcrt4.dll is skipped because it matches no selected patterns
[2018-09-11 17:12:23] [info] Module: C:\Windows\SysWOW64\sspicli.dll is skipped because it matches no selected patterns
[2018-09-11 17:12:23] [info] Module: C:\Windows\SysWOW64\cryptbase.dll is skipped because it matches no selected patterns
[2018-09-11 17:12:23] [info] Module: C:\Windows\SysWOW64\bcryptprimitives.dll is skipped because it matches no selected patterns
[2018-09-11 17:12:23] [info] Module: C:\Windows\SysWOW64\sechost.dll is skipped because it matches no selected patterns
[2018-09-11 17:12:24] [info] ----------------------------------------------------
[2018-09-11 17:12:24] [info] Coverage binary generated in file: C:\Users\lgy\AppData\Local\Temp\eoocyagg.4g1
[2018-09-11 17:12:24] [info] ----------------------------------------------------
